2022-03-30T15:10:07.566Z - normal: Load ~/.CocosCreator/settings.json
2022-03-30T15:10:07.616Z - normal: Initializing Asset Database
2022-03-30T15:10:07.619Z - normal: checking language setting...
2022-03-30T15:10:07.619Z - normal: Language: en
2022-03-30T15:10:08.267Z - success: preview server running at http://localhost:7457
2022-03-30T15:10:08.277Z - success: protocol editor-framework registered
2022-03-30T15:10:08.277Z - success: protocol app registered
2022-03-30T15:10:08.277Z - success: protocol theme registered
2022-03-30T15:10:08.277Z - success: protocol packages registered
2022-03-30T15:10:08.277Z - success: protocol uuid registerred
2022-03-30T15:10:08.277Z - success: protocol db registerred
2022-03-30T15:10:08.277Z - success: protocol thumbnail registerred
2022-03-30T15:10:08.277Z - success: protocol unpack registerred
2022-03-30T15:10:08.277Z - success: protocol disable-commonjs registerred
2022-03-30T15:10:08.900Z - normal: connected!
2022-03-30T15:10:08.901Z - normal: Check project /Users/fe-anhtu-fresher/Desktop/Chinese Chess/Chinese-Chess/chinese-chess
2022-03-30T15:10:08.903Z - normal: Initializing project /Users/fe-anhtu-fresher/Desktop/Chinese Chess/Chinese-Chess/chinese-chess
2022-03-30T15:10:09.194Z - normal: Initializing Cocos2d
2022-03-30T15:10:09.877Z - normal: Initializing engine extends
2022-03-30T15:10:09.894Z - success: alipay-adapter loaded
2022-03-30T15:10:09.899Z - success: asset-db-debugger loaded
2022-03-30T15:10:09.900Z - success: baidu-adapter loaded
2022-03-30T15:10:09.902Z - success: color-picker loaded
2022-03-30T15:10:10.019Z - success: fb-audience-network loaded
2022-03-30T15:10:10.063Z - success: fb-live-stream loaded
2022-03-30T15:10:10.066Z - success: google-play-instant loaded
2022-03-30T15:10:10.073Z - success: huawei-runtime loaded
2022-03-30T15:10:10.287Z - success: cpk-publish loaded
2022-03-30T15:10:10.288Z - success: jsb-adapter loaded
2022-03-30T15:10:10.294Z - success: oppo-runtime loaded
2022-03-30T15:10:10.300Z - success: package-manager loaded
2022-03-30T15:10:10.418Z - success: qqplay-adapter loaded
2022-03-30T15:10:10.420Z - success: runtime-dev-tools loaded
2022-03-30T15:10:10.451Z - success: sdkbox loaded
2022-03-30T15:10:10.455Z - success: tester loaded
2022-03-30T15:10:10.459Z - success: ui-kit-preview-extra loaded
2022-03-30T15:10:10.463Z - success: ui-kit-preview loaded
2022-03-30T15:10:10.467Z - success: ui-kit loaded
2022-03-30T15:10:10.472Z - success: vivo-runtime loaded
2022-03-30T15:10:10.473Z - success: weapp-adapter loaded
2022-03-30T15:10:10.474Z - success: xiaomi-adapter loaded
2022-03-30T15:10:10.476Z - success: alipay-minigame loaded
2022-03-30T15:10:10.512Z - success: assets loaded
2022-03-30T15:10:10.515Z - success: builder loaded
2022-03-30T15:10:10.713Z - success: cocos-services loaded
2022-03-30T15:10:10.718Z - success: console loaded
2022-03-30T15:10:10.745Z - success: fb-instant-games loaded
2022-03-30T15:10:10.748Z - success: game-window loaded
2022-03-30T15:10:10.749Z - success: google-instant-games loaded
2022-03-30T15:10:10.753Z - success: hierarchy loaded
2022-03-30T15:10:10.756Z - success: inspector loaded
2022-03-30T15:10:10.757Z - success: keystore loaded
2022-03-30T15:10:10.762Z - success: node-library loaded
2022-03-30T15:10:10.764Z - success: package-asset loaded
2022-03-30T15:10:10.765Z - success: preferences loaded
2022-03-30T15:10:10.770Z - success: project-exporter loaded
2022-03-30T15:10:10.774Z - success: project-importer loaded
2022-03-30T15:10:10.778Z - success: project-settings loaded
2022-03-30T15:10:10.781Z - success: scene loaded
2022-03-30T15:10:10.782Z - success: simulator-debugger loaded
2022-03-30T15:10:10.784Z - success: sprite-editor loaded
2022-03-30T15:10:10.788Z - success: store loaded
2022-03-30T15:10:10.795Z - success: timeline loaded
2022-03-30T15:10:10.799Z - success: xiaomi-runtime loaded
2022-03-30T15:10:12.975Z - info: Cocos Services load base data!
2022-03-30T15:10:14.633Z - normal: Loading packages
2022-03-30T15:10:14.649Z - normal: Watching packages
2022-03-30T15:10:14.731Z - normal: Run Application
